Added Component: Designator=P?(HDR1X16)
Add component (AddParameter): Name = "LatestRevisionDate"; Value = "17-Jul-2002"; VariantName = "[No Variations]"
Add component (AddParameter): Name = "LatestRevisionNote"; Value = "Re-released for DXP Platform."; VariantName = "[No Variations]"
Add component (AddParameter): Name = "Publisher"; Value = "Altium Limited"; VariantName = "[No Variations]"
Added Component: Designator=P?(HDR1X2)
Add component (AddParameter): Name = "LatestRevisionDate"; Value = "17-Jul-2002"; VariantName = "[No Variations]"
Add component (AddParameter): Name = "LatestRevisionNote"; Value = "Re-released for DXP Platform."; VariantName = "[No Variations]"
Add component (AddParameter): Name = "Publisher"; Value = "Altium Limited"; VariantName = "[No Variations]"
Added Component: Designator=P?(HDR1X2)
Add component (AddParameter): Name = "LatestRevisionDate"; Value = "17-Jul-2002"; VariantName = "[No Variations]"
Add component (AddParameter): Name = "LatestRevisionNote"; Value = "Re-released for DXP Platform."; VariantName = "[No Variations]"
Add component (AddParameter): Name = "Publisher"; Value = "Altium Limited"; VariantName = "[No Variations]"
Added Component: Designator=U?(MCP23017)
Added Pin To Net: NetName=NetP?_1 Pin=P?-1
Added Pin To Net: NetName=NetP?_2 Pin=P?-2
Added Pin To Net: NetName=NetP?_2 Pin=U?-9
Added Pin To Net: NetName=NetP?_2 Pin=U?-15
Added Pin To Net: NetName=NetP?_2 Pin=U?-16
Added Pin To Net: NetName=NetP?_2 Pin=U?-17
Added Pin To Net: NetName=NetP?_2 Pin=U?-18
Added Pin To Net: NetName=NetP?_1 Pin=U?-21
Added Pin To Net: NetName=NetP?_3 Pin=P?-3
Added Pin To Net: NetName=NetP?_3 Pin=U?-23
Added Net: Name=NetP?_3
Added Pin To Net: NetName=NetP?_4 Pin=P?-4
Added Pin To Net: NetName=NetP?_4 Pin=U?-24
Added Net: Name=NetP?_4
Added Pin To Net: NetName=NetP?_5 Pin=P?-5
Added Pin To Net: NetName=NetP?_5 Pin=U?-25
Added Net: Name=NetP?_5
Added Pin To Net: NetName=NetP?_6 Pin=P?-6
Added Pin To Net: NetName=NetP?_6 Pin=U?-26
Added Net: Name=NetP?_6
Added Pin To Net: NetName=NetP?_7 Pin=P?-7
Added Pin To Net: NetName=NetP?_7 Pin=U?-27
Added Net: Name=NetP?_7
Added Pin To Net: NetName=NetP?_8 Pin=P?-8
Added Pin To Net: NetName=NetP?_8 Pin=U?-28
Added Net: Name=NetP?_8
Added Pin To Net: NetName=NetP?_9 Pin=P?-9
Added Pin To Net: NetName=NetP?_9 Pin=U?-1
Added Net: Name=NetP?_9
Added Pin To Net: NetName=NetP?_10 Pin=P?-10
Added Pin To Net: NetName=NetP?_10 Pin=U?-2
Added Net: Name=NetP?_10
Added Pin To Net: NetName=NetP?_11 Pin=P?-11
Added Pin To Net: NetName=NetP?_11 Pin=U?-3
Added Net: Name=NetP?_11
Added Pin To Net: NetName=NetP?_12 Pin=P?-12
Added Pin To Net: NetName=NetP?_12 Pin=U?-4
Added Net: Name=NetP?_12
Added Pin To Net: NetName=NetP?_13 Pin=P?-13
Added Pin To Net: NetName=NetP?_13 Pin=U?-5
Added Net: Name=NetP?_13
Added Pin To Net: NetName=NetP?_14 Pin=P?-14
Added Pin To Net: NetName=NetP?_14 Pin=U?-6
Added Net: Name=NetP?_14
Added Pin To Net: NetName=NetP?_15 Pin=P?-15
Added Pin To Net: NetName=NetP?_15 Pin=U?-7
Added Net: Name=NetP?_15
Added Pin To Net: NetName=NetP?_16 Pin=P?-16
Added Pin To Net: NetName=NetP?_16 Pin=U?-8
Added Net: Name=NetP?_16
Added Member To Class: ClassName=op-pcb-mcp23017-sch Member=Component P? Header 16
Added Member To Class: ClassName=op-pcb-mcp23017-sch Member=Component P? Header 2
Added Member To Class: ClassName=op-pcb-mcp23017-sch Member=Component P? Header 2
Added Member To Class: ClassName=op-pcb-mcp23017-sch Member=Component U? MCP23017
Added Room: Name=op-pcb-mcp23017-sch
